<?xml version="1.0" encoding="UTF-8"?>
<testng-results skipped="0" failed="0" ignored="0" total="3" passed="3">
  <reporter-output>
  </reporter-output>
  <suite name="Default suite" duration-ms="130672" started-at="2021-12-19T01:39:21Z" finished-at="2021-12-19T01:41:31Z">
    <groups>
      <group name="cucumber">
        <method signature="AbstractTestNGCucumberTests.runScenario(io.cucumber.testng.PickleWrapper, io.cucumber.testng.FeatureWrapper)[pri:0, instance:runner.TestRunner@1ac631b]" name="runScenario" class="io.cucumber.testng.AbstractTestNGCucumberTests"/>
      </group> <!-- cucumber -->
    </groups>
    <test name="Default test" duration-ms="130672" started-at="2021-12-19T01:39:21Z" finished-at="2021-12-19T01:41:31Z">
      <class name="runner.TestRunner">
        <test-method status="PASS" signature="setUpClass(org.testng.ITestContext)[pri:0, instance:runner.TestRunner@1ac631b]" name="setUpClass" is-config="true" duration-ms="910" started-at="2021-12-19T01:39:21Z" finished-at="2021-12-19T01:39:22Z">
          <params>
            <param index="0">
              <value>
                <![CDATA[org.testng.TestRunner@96a4ea]]>
              </value>
            </param>
          </params>
          <reporter-output>
          </reporter-output>
        </test-method> <!-- setUpClass -->
        <test-method status="PASS" signature="runScenario(io.cucumber.testng.PickleWrapper, io.cucumber.testng.FeatureWrapper)[pri:0, instance:runner.TestRunner@1ac631b]" name="runScenario" duration-ms="82159" started-at="2021-12-19T01:39:22Z" description="Runs Cucumber Scenarios" data-provider="scenarios" finished-at="2021-12-19T01:40:44Z">
          <params>
            <param index="0">
              <value>
                <![CDATA["Login page title"]]>
              </value>
            </param>
            <param index="1">
              <value>
                <![CDATA["Optional[Login page feature]"]]>
              </value>
            </param>
          </params>
          <reporter-output>
          </reporter-output>
        </test-method> <!-- runScenario -->
        <test-method status="PASS" signature="runScenario(io.cucumber.testng.PickleWrapper, io.cucumber.testng.FeatureWrapper)[pri:0, instance:runner.TestRunner@1ac631b]" name="runScenario" duration-ms="29353" started-at="2021-12-19T01:40:44Z" description="Runs Cucumber Scenarios" data-provider="scenarios" finished-at="2021-12-19T01:41:13Z">
          <params>
            <param index="0">
              <value>
                <![CDATA["Adding items to the cart"]]>
              </value>
            </param>
            <param index="1">
              <value>
                <![CDATA["Optional[Login page feature]"]]>
              </value>
            </param>
          </params>
          <reporter-output>
          </reporter-output>
        </test-method> <!-- runScenario -->
        <test-method status="PASS" signature="runScenario(io.cucumber.testng.PickleWrapper, io.cucumber.testng.FeatureWrapper)[pri:0, instance:runner.TestRunner@1ac631b]" name="runScenario" duration-ms="18136" started-at="2021-12-19T01:41:13Z" description="Runs Cucumber Scenarios" data-provider="scenarios" finished-at="2021-12-19T01:41:31Z">
          <params>
            <param index="0">
              <value>
                <![CDATA["Removing an item to the cart"]]>
              </value>
            </param>
            <param index="1">
              <value>
                <![CDATA["Optional[Login page feature]"]]>
              </value>
            </param>
          </params>
          <reporter-output>
          </reporter-output>
        </test-method> <!-- runScenario -->
        <test-method status="PASS" signature="tearDownClass()[pri:0, instance:runner.TestRunner@1ac631b]" name="tearDownClass" is-config="true" duration-ms="55" started-at="2021-12-19T01:41:31Z" finished-at="2021-12-19T01:41:31Z">
          <reporter-output>
          </reporter-output>
        </test-method> <!-- tearDownClass -->
      </class> <!-- runner.TestRunner -->
    </test> <!-- Default test -->
  </suite> <!-- Default suite -->
</testng-results>
